<?xml version="1.0" encoding="UTF-8"?>
<testng-results ignored="0" total="1" passed="1" failed="0" skipped="0">
  <reporter-output>
    <line>
      <![CDATA[BeforeTest]]>
    </line>
    <line>
      <![CDATA[Before class]]>
    </line>
    <line>
      <![CDATA[Login]]>
    </line>
    <line>
      <![CDATA[Log out]]>
    </line>
    <line>
      <![CDATA[After class]]>
    </line>
    <line>
      <![CDATA[After test]]>
    </line>
    <line>
      <![CDATA[Close Connection to database]]>
    </line>
  </reporter-output>
  <suite started-at="2023-12-29T16:54:36 IST" name="Default suite" finished-at="2023-12-29T16:55:05 IST" duration-ms="28935">
    <groups>
    </groups>
    <test started-at="2023-12-29T16:54:36 IST" name="Default test" finished-at="2023-12-29T16:55:05 IST" duration-ms="28935">
      <class name="testScripts.JewelryTest">
        <test-method is-config="true" signature="beforeSuite()[pri:0, instance:testScripts.JewelryTest@411f53a0]" started-at="2023-12-29T16:54:35 IST" name="beforeSuite" finished-at="2023-12-29T16:54:36 IST" duration-ms="891" status="PASS">
          <reporter-output>
          </reporter-output>
        </test-method> <!-- beforeSuite -->
        <test-method is-config="true" signature="beforeTest()[pri:0, instance:testScripts.JewelryTest@411f53a0]" started-at="2023-12-29T16:54:36 IST" name="beforeTest" finished-at="2023-12-29T16:54:36 IST" duration-ms="4" status="PASS">
          <reporter-output>
            <line>
              <![CDATA[BeforeTest]]>
            </line>
          </reporter-output>
        </test-method> <!-- beforeTest -->
        <test-method is-config="true" signature="beforeClass()[pri:0, instance:testScripts.JewelryTest@411f53a0]" started-at="2023-12-29T16:54:36 IST" name="beforeClass" finished-at="2023-12-29T16:54:54 IST" duration-ms="17385" status="PASS">
          <reporter-output>
            <line>
              <![CDATA[Before class]]>
            </line>
          </reporter-output>
        </test-method> <!-- beforeClass -->
        <test-method is-config="true" signature="beforeMethod(java.lang.reflect.Method)[pri:0, instance:testScripts.JewelryTest@411f53a0]" started-at="2023-12-29T16:54:54 IST" name="beforeMethod" finished-at="2023-12-29T16:54:59 IST" duration-ms="5206" status="PASS">
          <params>
            <param index="0">
              <value>
                <![CDATA[public void testScripts.JewelryTest.diamonHeartTest_001()]]>
              </value>
            </param>
          </params>
          <reporter-output>
            <line>
              <![CDATA[Login]]>
            </line>
          </reporter-output>
        </test-method> <!-- beforeMethod -->
        <test-method signature="diamonHeartTest_001()[pri:0, instance:testScripts.JewelryTest@411f53a0]" started-at="2023-12-29T16:54:59 IST" name="diamonHeartTest_001" finished-at="2023-12-29T16:55:02 IST" duration-ms="3060" status="PASS">
          <reporter-output>
          </reporter-output>
        </test-method> <!-- diamonHeartTest_001 -->
        <test-method is-config="true" signature="afterMethod()[pri:0, instance:testScripts.JewelryTest@411f53a0]" started-at="2023-12-29T16:55:02 IST" name="afterMethod" finished-at="2023-12-29T16:55:05 IST" duration-ms="2629" status="PASS">
          <reporter-output>
            <line>
              <![CDATA[Log out]]>
            </line>
          </reporter-output>
        </test-method> <!-- afterMethod -->
        <test-method is-config="true" signature="afterClass()[pri:0, instance:testScripts.JewelryTest@411f53a0]" started-at="2023-12-29T16:55:05 IST" name="afterClass" finished-at="2023-12-29T16:55:05 IST" duration-ms="508" status="PASS">
          <reporter-output>
            <line>
              <![CDATA[After class]]>
            </line>
          </reporter-output>
        </test-method> <!-- afterClass -->
        <test-method is-config="true" signature="afterTest()[pri:0, instance:testScripts.JewelryTest@411f53a0]" started-at="2023-12-29T16:55:05 IST" name="afterTest" finished-at="2023-12-29T16:55:05 IST" duration-ms="1" status="PASS">
          <reporter-output>
            <line>
              <![CDATA[After test]]>
            </line>
          </reporter-output>
        </test-method> <!-- afterTest -->
        <test-method is-config="true" signature="afterSuite()[pri:0, instance:testScripts.JewelryTest@411f53a0]" started-at="2023-12-29T16:55:05 IST" name="afterSuite" finished-at="2023-12-29T16:55:06 IST" duration-ms="886" status="PASS">
          <reporter-output>
            <line>
              <![CDATA[Close Connection to database]]>
            </line>
          </reporter-output>
        </test-method> <!-- afterSuite -->
      </class> <!-- testScripts.JewelryTest -->
    </test> <!-- Default test -->
  </suite> <!-- Default suite -->
</testng-results>
